<?xml version="1.0" encoding="UTF-8"?>
<coverage generated="1789000867109" clover="3.2.0">
  <project timestamp="1789000867109" name="All files">
    <metrics statements="75" coveredstatements="70" conditionals="48" coveredconditionals="42" methods="20" coveredmethods="19" elements="143" coveredelements="131" complexity="0" loc="75" ncloc="75" packages="1" files="1" classes="1"/>
    <file name="generateTypes.ts" path="D:\Johnford\TypeScript\json-toolbox\src\utils\generateTypes.ts">
      <metrics statements="75" coveredstatements="70" conditionals="48" coveredconditionals="42" methods="20" coveredmethods="19"/>
      <line num="7" count="30" type="stmt"/>
      <line num="8" count="30" type="cond" truecount="2" falsecount="0"/>
      <line num="12" count="50" type="cond" truecount="3" falsecount="0"/>
      <line num="16" count="5" type="stmt"/>
      <line num="20" count="6" type="cond" truecount="2" falsecount="0"/>
      <line num="22" count="1" type="stmt"/>
      <line num="25" count="5" type="cond" truecount="1" falsecount="1"/>
      <line num="27" count="0" type="stmt"/>
      <line num="30" count="5" type="cond" truecount="2" falsecount="0"/>
      <line num="32" count="1" type="stmt"/>
      <line num="35" count="4" type="cond" truecount="1" falsecount="1"/>
      <line num="37" count="4" type="stmt"/>
      <line num="40" count="0" type="stmt"/>
      <line num="44" count="32" type="stmt"/>
      <line num="45" count="32" type="stmt"/>
      <line num="52" count="2" type="cond" truecount="2" falsecount="0"/>
      <line num="60" count="20" type="stmt"/>
      <line num="61" count="20" type="stmt"/>
      <line num="62" count="41" type="stmt"/>
      <line num="65" count="20" type="stmt"/>
      <line num="66" count="43" type="stmt"/>
      <line num="68" count="41" type="stmt"/>
      <line num="69" count="30" type="stmt"/>
      <line num="70" count="30" type="stmt"/>
      <line num="72" count="30" type="cond" truecount="2" falsecount="0"/>
      <line num="75" count="20" type="stmt"/>
      <line num="79" count="7" type="cond" truecount="2" falsecount="0"/>
      <line num="80" count="1" type="stmt"/>
      <line num="83" count="6" type="stmt"/>
      <line num="84" count="6" type="stmt"/>
      <line num="86" count="6" type="cond" truecount="2" falsecount="0"/>
      <line num="89" count="4" type="stmt"/>
      <line num="91" count="4" type="cond" truecount="1" falsecount="1"/>
      <line num="92" count="4" type="stmt"/>
      <line num="93" count="4" type="stmt"/>
      <line num="94" count="4" type="stmt"/>
      <line num="97" count="6" type="stmt"/>
      <line num="98" count="4" type="cond" truecount="1" falsecount="1"/>
      <line num="99" count="4" type="stmt"/>
      <line num="103" count="0" type="stmt"/>
      <line num="104" count="0" type="stmt"/>
      <line num="108" count="6" type="stmt"/>
      <line num="109" count="2" type="stmt"/>
      <line num="113" count="47" type="cond" truecount="2" falsecount="0"/>
      <line num="114" count="1" type="stmt"/>
      <line num="117" count="46" type="cond" truecount="2" falsecount="0"/>
      <line num="118" count="13" type="stmt"/>
      <line num="121" count="33" type="cond" truecount="2" falsecount="0"/>
      <line num="122" count="22" type="stmt"/>
      <line num="125" count="11" type="cond" truecount="2" falsecount="0"/>
      <line num="126" count="3" type="stmt"/>
      <line num="129" count="8" type="cond" truecount="2" falsecount="0"/>
      <line num="130" count="7" type="stmt"/>
      <line num="133" count="1" type="cond" truecount="1" falsecount="1"/>
      <line num="134" count="1" type="stmt"/>
      <line num="136" count="1" type="cond" truecount="1" falsecount="1"/>
      <line num="137" count="1" type="stmt"/>
      <line num="138" count="1" type="stmt"/>
      <line num="139" count="1" type="stmt"/>
      <line num="142" count="1" type="stmt"/>
      <line num="146" count="0" type="stmt"/>
      <line num="150" count="11" type="stmt"/>
      <line num="154" count="18" type="stmt"/>
      <line num="159" count="18" type="cond" truecount="2" falsecount="0"/>
      <line num="160" count="10" type="stmt"/>
      <line num="161" count="10" type="stmt"/>
      <line num="164" count="8" type="cond" truecount="2" falsecount="0"/>
      <line num="165" count="7" type="stmt"/>
      <line num="167" count="7" type="cond" truecount="2" falsecount="0"/>
      <line num="168" count="1" type="stmt"/>
      <line num="171" count="6" type="cond" truecount="2" falsecount="0"/>
      <line num="172" count="1" type="stmt"/>
      <line num="175" count="5" type="stmt"/>
      <line num="176" count="5" type="stmt"/>
      <line num="179" count="1" type="stmt"/>
    </file>
  </project>
</coverage>
