{"D:\\Johnford\\TypeScript\\json-toolbox\\src\\utils\\generateTypes.ts": {"path":"D:\\Johnford\\TypeScript\\json-toolbox\\src\\utils\\generateTypes.ts","statementMap":{"0":{"start":{"line":7,"column":28},"end":{"line":7,"column":null}},"1":{"start":{"line":8,"column":2},"end":{"line":8,"column":null}},"2":{"start":{"line":12,"column":2},"end":{"line":12,"column":null}},"3":{"start":{"line":16,"column":2},"end":{"line":16,"column":null}},"4":{"start":{"line":20,"column":2},"end":{"line":23,"column":null}},"5":{"start":{"line":22,"column":4},"end":{"line":22,"column":null}},"6":{"start":{"line":25,"column":2},"end":{"line":28,"column":null}},"7":{"start":{"line":27,"column":4},"end":{"line":27,"column":null}},"8":{"start":{"line":30,"column":2},"end":{"line":33,"column":null}},"9":{"start":{"line":32,"column":4},"end":{"line":32,"column":null}},"10":{"start":{"line":35,"column":2},"end":{"line":38,"column":null}},"11":{"start":{"line":37,"column":4},"end":{"line":37,"column":null}},"12":{"start":{"line":40,"column":2},"end":{"line":40,"column":null}},"13":{"start":{"line":44,"column":22},"end":{"line":44,"column":null}},"14":{"start":{"line":45,"column":2},"end":{"line":45,"column":null}},"15":{"start":{"line":52,"column":2},"end":{"line":52,"column":null}},"16":{"start":{"line":60,"column":18},"end":{"line":60,"column":null}},"17":{"start":{"line":61,"column":2},"end":{"line":63,"column":null}},"18":{"start":{"line":62,"column":4},"end":{"line":62,"column":null}},"19":{"start":{"line":62,"column":38},"end":{"line":62,"column":54}},"20":{"start":{"line":65,"column":16},"end":{"line":73,"column":null}},"21":{"start":{"line":66,"column":25},"end":{"line":66,"column":null}},"22":{"start":{"line":66,"column":49},"end":{"line":66,"column":59}},"23":{"start":{"line":66,"column":74},"end":{"line":66,"column":82}},"24":{"start":{"line":68,"column":17},"end":{"line":68,"column":null}},"25":{"start":{"line":68,"column":53},"end":{"line":68,"column":87}},"26":{"start":{"line":69,"column":23},"end":{"line":69,"column":null}},"27":{"start":{"line":70,"column":25},"end":{"line":70,"column":null}},"28":{"start":{"line":72,"column":4},"end":{"line":72,"column":null}},"29":{"start":{"line":75,"column":2},"end":{"line":75,"column":null}},"30":{"start":{"line":79,"column":2},"end":{"line":81,"column":null}},"31":{"start":{"line":80,"column":4},"end":{"line":80,"column":null}},"32":{"start":{"line":83,"column":18},"end":{"line":83,"column":null}},"33":{"start":{"line":84,"column":21},"end":{"line":84,"column":null}},"34":{"start":{"line":86,"column":2},"end":{"line":105,"column":null}},"35":{"start":{"line":89,"column":26},"end":{"line":89,"column":null}},"36":{"start":{"line":91,"column":4},"end":{"line":95,"column":null}},"37":{"start":{"line":92,"column":6},"end":{"line":92,"column":null}},"38":{"start":{"line":93,"column":21},"end":{"line":93,"column":null}},"39":{"start":{"line":94,"column":6},"end":{"line":94,"column":null}},"40":{"start":{"line":97,"column":23},"end":{"line":97,"column":null}},"41":{"start":{"line":97,"column":43},"end":{"line":97,"column":60}},"42":{"start":{"line":98,"column":4},"end":{"line":100,"column":null}},"43":{"start":{"line":99,"column":6},"end":{"line":99,"column":null}},"44":{"start":{"line":103,"column":23},"end":{"line":103,"column":null}},"45":{"start":{"line":103,"column":45},"end":{"line":103,"column":86}},"46":{"start":{"line":104,"column":4},"end":{"line":104,"column":null}},"47":{"start":{"line":108,"column":23},"end":{"line":108,"column":null}},"48":{"start":{"line":108,"column":46},"end":{"line":108,"column":93}},"49":{"start":{"line":109,"column":2},"end":{"line":109,"column":null}},"50":{"start":{"line":113,"column":2},"end":{"line":115,"column":null}},"51":{"start":{"line":114,"column":4},"end":{"line":114,"column":null}},"52":{"start":{"line":117,"column":2},"end":{"line":119,"column":null}},"53":{"start":{"line":118,"column":4},"end":{"line":118,"column":null}},"54":{"start":{"line":121,"column":2},"end":{"line":123,"column":null}},"55":{"start":{"line":122,"column":4},"end":{"line":122,"column":null}},"56":{"start":{"line":125,"column":2},"end":{"line":127,"column":null}},"57":{"start":{"line":126,"column":4},"end":{"line":126,"column":null}},"58":{"start":{"line":129,"column":2},"end":{"line":131,"column":null}},"59":{"start":{"line":130,"column":4},"end":{"line":130,"column":null}},"60":{"start":{"line":133,"column":2},"end":{"line":143,"column":null}},"61":{"start":{"line":134,"column":26},"end":{"line":134,"column":null}},"62":{"start":{"line":136,"column":4},"end":{"line":140,"column":null}},"63":{"start":{"line":137,"column":6},"end":{"line":137,"column":null}},"64":{"start":{"line":138,"column":30},"end":{"line":138,"column":null}},"65":{"start":{"line":139,"column":6},"end":{"line":139,"column":null}},"66":{"start":{"line":142,"column":4},"end":{"line":142,"column":null}},"67":{"start":{"line":146,"column":2},"end":{"line":146,"column":null}},"68":{"start":{"line":150,"column":2},"end":{"line":150,"column":null}},"69":{"start":{"line":154,"column":36},"end":{"line":157,"column":null}},"70":{"start":{"line":159,"column":2},"end":{"line":162,"column":null}},"71":{"start":{"line":160,"column":26},"end":{"line":160,"column":null}},"72":{"start":{"line":161,"column":4},"end":{"line":161,"column":null}},"73":{"start":{"line":164,"column":2},"end":{"line":177,"column":null}},"74":{"start":{"line":165,"column":20},"end":{"line":165,"column":null}},"75":{"start":{"line":167,"column":4},"end":{"line":169,"column":null}},"76":{"start":{"line":168,"column":6},"end":{"line":168,"column":null}},"77":{"start":{"line":171,"column":4},"end":{"line":173,"column":null}},"78":{"start":{"line":172,"column":6},"end":{"line":172,"column":null}},"79":{"start":{"line":175,"column":26},"end":{"line":175,"column":null}},"80":{"start":{"line":176,"column":4},"end":{"line":176,"column":null}},"81":{"start":{"line":179,"column":2},"end":{"line":179,"column":null}}},"fnMap":{"0":{"name":"formatPropertyKey","decl":{"start":{"line":6,"column":9},"end":{"line":6,"column":27}},"loc":{"start":{"line":6,"column":48},"end":{"line":9,"column":null}},"line":6},"1":{"name":"isPlainObject","decl":{"start":{"line":11,"column":9},"end":{"line":11,"column":23}},"loc":{"start":{"line":11,"column":73},"end":{"line":13,"column":null}},"line":11},"2":{"name":"capitalize","decl":{"start":{"line":15,"column":9},"end":{"line":15,"column":20}},"loc":{"start":{"line":15,"column":41},"end":{"line":17,"column":null}},"line":15},"3":{"name":"singularize","decl":{"start":{"line":19,"column":9},"end":{"line":19,"column":21}},"loc":{"start":{"line":19,"column":42},"end":{"line":41,"column":null}},"line":19},"4":{"name":"formatUnion","decl":{"start":{"line":43,"column":9},"end":{"line":43,"column":21}},"loc":{"start":{"line":43,"column":46},"end":{"line":46,"column":null}},"line":43},"5":{"name":"wrapForArray","decl":{"start":{"line":51,"column":9},"end":{"line":51,"column":22}},"loc":{"start":{"line":51,"column":44},"end":{"line":53,"column":null}},"line":51},"6":{"name":"buildMergedInterface","decl":{"start":{"line":59,"column":9},"end":{"line":59,"column":30}},"loc":{"start":{"line":59,"column":115},"end":{"line":76,"column":null}},"line":59},"7":{"name":"(anonymous_7)","decl":{"start":{"line":61,"column":10},"end":{"line":61,"column":19}},"loc":{"start":{"line":61,"column":27},"end":{"line":63,"column":3}},"line":61},"8":{"name":"(anonymous_8)","decl":{"start":{"line":62,"column":21},"end":{"line":62,"column":30}},"loc":{"start":{"line":62,"column":38},"end":{"line":62,"column":54}},"line":62},"9":{"name":"(anonymous_9)","decl":{"start":{"line":65,"column":36},"end":{"line":65,"column":41}},"loc":{"start":{"line":65,"column":49},"end":{"line":73,"column":3}},"line":65},"10":{"name":"(anonymous_10)","decl":{"start":{"line":66,"column":33},"end":{"line":66,"column":41}},"loc":{"start":{"line":66,"column":49},"end":{"line":66,"column":59}},"line":66},"11":{"name":"(anonymous_11)","decl":{"start":{"line":66,"column":61},"end":{"line":66,"column":66}},"loc":{"start":{"line":66,"column":74},"end":{"line":66,"column":82}},"line":66},"12":{"name":"(anonymous_12)","decl":{"start":{"line":68,"column":42},"end":{"line":68,"column":47}},"loc":{"start":{"line":68,"column":53},"end":{"line":68,"column":87}},"line":68},"13":{"name":"inferArrayType","decl":{"start":{"line":78,"column":9},"end":{"line":78,"column":24}},"loc":{"start":{"line":78,"column":90},"end":{"line":110,"column":null}},"line":78},"14":{"name":"(anonymous_14)","decl":{"start":{"line":97,"column":29},"end":{"line":97,"column":37}},"loc":{"start":{"line":97,"column":43},"end":{"line":97,"column":60}},"line":97},"15":{"name":"(anonymous_15)","decl":{"start":{"line":103,"column":34},"end":{"line":103,"column":39}},"loc":{"start":{"line":103,"column":45},"end":{"line":103,"column":86}},"line":103},"16":{"name":"(anonymous_16)","decl":{"start":{"line":108,"column":29},"end":{"line":108,"column":34}},"loc":{"start":{"line":108,"column":46},"end":{"line":108,"column":93}},"line":108},"17":{"name":"inferPropertyType","decl":{"start":{"line":112,"column":9},"end":{"line":112,"column":27}},"loc":{"start":{"line":112,"column":91},"end":{"line":147,"column":null}},"line":112},"18":{"name":"buildInterface","decl":{"start":{"line":149,"column":9},"end":{"line":149,"column":24}},"loc":{"start":{"line":149,"column":105},"end":{"line":151,"column":null}},"line":149},"19":{"name":"generateTypeScript","decl":{"start":{"line":153,"column":16},"end":{"line":153,"column":35}},"loc":{"start":{"line":153,"column":82},"end":{"line":180,"column":null}},"line":153}},"branchMap":{"0":{"loc":{"start":{"line":8,"column":9},"end":{"line":8,"column":null}},"type":"cond-expr","locations":[{"start":{"line":8,"column":29},"end":{"line":8,"column":35}},{"start":{"line":8,"column":35},"end":{"line":8,"column":null}}],"line":8},"1":{"loc":{"start":{"line":12,"column":9},"end":{"line":12,"column":null}},"type":"binary-expr","locations":[{"start":{"line":12,"column":9},"end":{"line":12,"column":38}},{"start":{"line":12,"column":38},"end":{"line":12,"column":56}},{"start":{"line":12,"column":56},"end":{"line":12,"column":null}}],"line":12},"2":{"loc":{"start":{"line":20,"column":2},"end":{"line":23,"column":null}},"type":"if","locations":[{"start":{"line":20,"column":2},"end":{"line":23,"column":null}},{"start":{},"end":{}}],"line":20},"3":{"loc":{"start":{"line":25,"column":2},"end":{"line":28,"column":null}},"type":"if","locations":[{"start":{"line":25,"column":2},"end":{"line":28,"column":null}},{"start":{},"end":{}}],"line":25},"4":{"loc":{"start":{"line":30,"column":2},"end":{"line":33,"column":null}},"type":"if","locations":[{"start":{"line":30,"column":2},"end":{"line":33,"column":null}},{"start":{},"end":{}}],"line":30},"5":{"loc":{"start":{"line":35,"column":2},"end":{"line":38,"column":null}},"type":"if","locations":[{"start":{"line":35,"column":2},"end":{"line":38,"column":null}},{"start":{},"end":{}}],"line":35},"6":{"loc":{"start":{"line":52,"column":9},"end":{"line":52,"column":null}},"type":"cond-expr","locations":[{"start":{"line":52,"column":32},"end":{"line":52,"column":46}},{"start":{"line":52,"column":46},"end":{"line":52,"column":null}}],"line":52},"7":{"loc":{"start":{"line":72,"column":31},"end":{"line":72,"column":53}},"type":"cond-expr","locations":[{"start":{"line":72,"column":44},"end":{"line":72,"column":50}},{"start":{"line":72,"column":50},"end":{"line":72,"column":53}}],"line":72},"8":{"loc":{"start":{"line":79,"column":2},"end":{"line":81,"column":null}},"type":"if","locations":[{"start":{"line":79,"column":2},"end":{"line":81,"column":null}},{"start":{},"end":{}}],"line":79},"9":{"loc":{"start":{"line":86,"column":2},"end":{"line":105,"column":null}},"type":"if","locations":[{"start":{"line":86,"column":2},"end":{"line":105,"column":null}},{"start":{},"end":{}}],"line":86},"10":{"loc":{"start":{"line":91,"column":4},"end":{"line":95,"column":null}},"type":"if","locations":[{"start":{"line":91,"column":4},"end":{"line":95,"column":null}},{"start":{},"end":{}}],"line":91},"11":{"loc":{"start":{"line":98,"column":4},"end":{"line":100,"column":null}},"type":"if","locations":[{"start":{"line":98,"column":4},"end":{"line":100,"column":null}},{"start":{},"end":{}}],"line":98},"12":{"loc":{"start":{"line":113,"column":2},"end":{"line":115,"column":null}},"type":"if","locations":[{"start":{"line":113,"column":2},"end":{"line":115,"column":null}},{"start":{},"end":{}}],"line":113},"13":{"loc":{"start":{"line":117,"column":2},"end":{"line":119,"column":null}},"type":"if","locations":[{"start":{"line":117,"column":2},"end":{"line":119,"column":null}},{"start":{},"end":{}}],"line":117},"14":{"loc":{"start":{"line":121,"column":2},"end":{"line":123,"column":null}},"type":"if","locations":[{"start":{"line":121,"column":2},"end":{"line":123,"column":null}},{"start":{},"end":{}}],"line":121},"15":{"loc":{"start":{"line":125,"column":2},"end":{"line":127,"column":null}},"type":"if","locations":[{"start":{"line":125,"column":2},"end":{"line":127,"column":null}},{"start":{},"end":{}}],"line":125},"16":{"loc":{"start":{"line":129,"column":2},"end":{"line":131,"column":null}},"type":"if","locations":[{"start":{"line":129,"column":2},"end":{"line":131,"column":null}},{"start":{},"end":{}}],"line":129},"17":{"loc":{"start":{"line":133,"column":2},"end":{"line":143,"column":null}},"type":"if","locations":[{"start":{"line":133,"column":2},"end":{"line":143,"column":null}},{"start":{},"end":{}}],"line":133},"18":{"loc":{"start":{"line":136,"column":4},"end":{"line":140,"column":null}},"type":"if","locations":[{"start":{"line":136,"column":4},"end":{"line":140,"column":null}},{"start":{},"end":{}}],"line":136},"19":{"loc":{"start":{"line":153,"column":51},"end":{"line":153,"column":82}},"type":"default-arg","locations":[{"start":{"line":153,"column":66},"end":{"line":153,"column":82}}],"line":153},"20":{"loc":{"start":{"line":159,"column":2},"end":{"line":162,"column":null}},"type":"if","locations":[{"start":{"line":159,"column":2},"end":{"line":162,"column":null}},{"start":{},"end":{}}],"line":159},"21":{"loc":{"start":{"line":164,"column":2},"end":{"line":177,"column":null}},"type":"if","locations":[{"start":{"line":164,"column":2},"end":{"line":177,"column":null}},{"start":{},"end":{}}],"line":164},"22":{"loc":{"start":{"line":167,"column":4},"end":{"line":169,"column":null}},"type":"if","locations":[{"start":{"line":167,"column":4},"end":{"line":169,"column":null}},{"start":{},"end":{}}],"line":167},"23":{"loc":{"start":{"line":171,"column":4},"end":{"line":173,"column":null}},"type":"if","locations":[{"start":{"line":171,"column":4},"end":{"line":173,"column":null}},{"start":{},"end":{}}],"line":171}},"s":{"0":30,"1":30,"2":50,"3":5,"4":6,"5":1,"6":5,"7":0,"8":5,"9":1,"10":4,"11":4,"12":0,"13":32,"14":32,"15":2,"16":20,"17":20,"18":28,"19":41,"20":20,"21":30,"22":43,"23":41,"24":30,"25":41,"26":30,"27":30,"28":30,"29":20,"30":7,"31":1,"32":6,"33":6,"34":6,"35":4,"36":4,"37":4,"38":4,"39":4,"40":4,"41":6,"42":4,"43":4,"44":0,"45":0,"46":0,"47":2,"48":6,"49":2,"50":47,"51":1,"52":46,"53":13,"54":33,"55":22,"56":11,"57":3,"58":8,"59":7,"60":1,"61":1,"62":1,"63":1,"64":1,"65":1,"66":1,"67":0,"68":11,"69":18,"70":18,"71":10,"72":10,"73":8,"74":7,"75":7,"76":1,"77":6,"78":1,"79":5,"80":5,"81":1},"f":{"0":30,"1":50,"2":5,"3":6,"4":32,"5":2,"6":20,"7":28,"8":41,"9":30,"10":43,"11":41,"12":41,"13":7,"14":6,"15":0,"16":6,"17":47,"18":11,"19":18},"b":{"0":[28,2],"1":[50,42,42],"2":[1,5],"3":[0,5],"4":[1,4],"5":[4,0],"6":[1,1],"7":[2,28],"8":[1,6],"9":[4,2],"10":[4,0],"11":[4,0],"12":[1,46],"13":[13,33],"14":[22,11],"15":[3,8],"16":[7,1],"17":[1,0],"18":[1,0],"19":[18],"20":[10,8],"21":[7,1],"22":[1,6],"23":[1,5]},"meta":{"lastBranch":24,"lastFunction":20,"lastStatement":82,"seen":{"f:6:9:6:27":0,"s:7:28:7:Infinity":0,"s:8:2:8:Infinity":1,"b:8:29:8:35:8:35:8:Infinity":0,"f:11:9:11:23":1,"s:12:2:12:Infinity":2,"b:12:9:12:38:12:38:12:56:12:56:12:Infinity":1,"f:15:9:15:20":2,"s:16:2:16:Infinity":3,"f:19:9:19:21":3,"b:20:2:23:Infinity:undefined:undefined:undefined:undefined":2,"s:20:2:23:Infinity":4,"s:22:4:22:Infinity":5,"b:25:2:28:Infinity:undefined:undefined:undefined:undefined":3,"s:25:2:28:Infinity":6,"s:27:4:27:Infinity":7,"b:30:2:33:Infinity:undefined:undefined:undefined:undefined":4,"s:30:2:33:Infinity":8,"s:32:4:32:Infinity":9,"b:35:2:38:Infinity:undefined:undefined:undefined:undefined":5,"s:35:2:38:Infinity":10,"s:37:4:37:Infinity":11,"s:40:2:40:Infinity":12,"f:43:9:43:21":4,"s:44:22:44:Infinity":13,"s:45:2:45:Infinity":14,"f:51:9:51:22":5,"s:52:2:52:Infinity":15,"b:52:32:52:46:52:46:52:Infinity":6,"f:59:9:59:30":6,"s:60:18:60:Infinity":16,"s:61:2:63:Infinity":17,"f:61:10:61:19":7,"s:62:4:62:Infinity":18,"f:62:21:62:30":8,"s:62:38:62:54":19,"s:65:16:73:Infinity":20,"f:65:36:65:41":9,"s:66:25:66:Infinity":21,"f:66:33:66:41":10,"s:66:49:66:59":22,"f:66:61:66:66":11,"s:66:74:66:82":23,"s:68:17:68:Infinity":24,"f:68:42:68:47":12,"s:68:53:68:87":25,"s:69:23:69:Infinity":26,"s:70:25:70:Infinity":27,"s:72:4:72:Infinity":28,"b:72:44:72:50:72:50:72:53":7,"s:75:2:75:Infinity":29,"f:78:9:78:24":13,"b:79:2:81:Infinity:undefined:undefined:undefined:undefined":8,"s:79:2:81:Infinity":30,"s:80:4:80:Infinity":31,"s:83:18:83:Infinity":32,"s:84:21:84:Infinity":33,"b:86:2:105:Infinity:undefined:undefined:undefined:undefined":9,"s:86:2:105:Infinity":34,"s:89:26:89:Infinity":35,"b:91:4:95:Infinity:undefined:undefined:undefined:undefined":10,"s:91:4:95:Infinity":36,"s:92:6:92:Infinity":37,"s:93:21:93:Infinity":38,"s:94:6:94:Infinity":39,"s:97:23:97:Infinity":40,"f:97:29:97:37":14,"s:97:43:97:60":41,"b:98:4:100:Infinity:undefined:undefined:undefined:undefined":11,"s:98:4:100:Infinity":42,"s:99:6:99:Infinity":43,"s:103:23:103:Infinity":44,"f:103:34:103:39":15,"s:103:45:103:86":45,"s:104:4:104:Infinity":46,"s:108:23:108:Infinity":47,"f:108:29:108:34":16,"s:108:46:108:93":48,"s:109:2:109:Infinity":49,"f:112:9:112:27":17,"b:113:2:115:Infinity:undefined:undefined:undefined:undefined":12,"s:113:2:115:Infinity":50,"s:114:4:114:Infinity":51,"b:117:2:119:Infinity:undefined:undefined:undefined:undefined":13,"s:117:2:119:Infinity":52,"s:118:4:118:Infinity":53,"b:121:2:123:Infinity:undefined:undefined:undefined:undefined":14,"s:121:2:123:Infinity":54,"s:122:4:122:Infinity":55,"b:125:2:127:Infinity:undefined:undefined:undefined:undefined":15,"s:125:2:127:Infinity":56,"s:126:4:126:Infinity":57,"b:129:2:131:Infinity:undefined:undefined:undefined:undefined":16,"s:129:2:131:Infinity":58,"s:130:4:130:Infinity":59,"b:133:2:143:Infinity:undefined:undefined:undefined:undefined":17,"s:133:2:143:Infinity":60,"s:134:26:134:Infinity":61,"b:136:4:140:Infinity:undefined:undefined:undefined:undefined":18,"s:136:4:140:Infinity":62,"s:137:6:137:Infinity":63,"s:138:30:138:Infinity":64,"s:139:6:139:Infinity":65,"s:142:4:142:Infinity":66,"s:146:2:146:Infinity":67,"f:149:9:149:24":18,"s:150:2:150:Infinity":68,"f:153:16:153:35":19,"b:153:66:153:82":19,"s:154:36:157:Infinity":69,"b:159:2:162:Infinity:undefined:undefined:undefined:undefined":20,"s:159:2:162:Infinity":70,"s:160:26:160:Infinity":71,"s:161:4:161:Infinity":72,"b:164:2:177:Infinity:undefined:undefined:undefined:undefined":21,"s:164:2:177:Infinity":73,"s:165:20:165:Infinity":74,"b:167:4:169:Infinity:undefined:undefined:undefined:undefined":22,"s:167:4:169:Infinity":75,"s:168:6:168:Infinity":76,"b:171:4:173:Infinity:undefined:undefined:undefined:undefined":23,"s:171:4:173:Infinity":77,"s:172:6:172:Infinity":78,"s:175:26:175:Infinity":79,"s:176:4:176:Infinity":80,"s:179:2:179:Infinity":81},"fnNames":{}}}
}
